[debug] [2023-03-08T04:04:40.439Z] ----------------------------------------------------------------------
[debug] [2023-03-08T04:04:40.442Z] Command:       C:\Program Files\nodejs\node.exe C:\Users\listodo\AppData\Roaming\npm\node_modules\firebase-tools\lib\bin\firebase.js init hosting
[debug] [2023-03-08T04:04:40.442Z] CLI Version:   11.24.1
[debug] [2023-03-08T04:04:40.442Z] Platform:      win32
[debug] [2023-03-08T04:04:40.442Z] Node Version:  v16.13.1
[debug] [2023-03-08T04:04:40.443Z] Time:          Wed Mar 08 2023 00:04:40 GMT-0400 (GMT-04:00)
[debug] [2023-03-08T04:04:40.443Z] ----------------------------------------------------------------------
[debug] 
[debug] [2023-03-08T04:04:40.450Z] > command requires scopes: ["email","openid","https://www.googleapis.com/auth/cloudplatformprojects.readonly","https://www.googleapis.com/auth/firebase","https://www.googleapis.com/auth/cloud-platform"]
[debug] [2023-03-08T04:04:40.451Z] > authorizing via signed-in user (ivan.godoy.g@gmail.com)
[info] 
     ######## #### ########  ######## ########     ###     ######  ########
     ##        ##  ##     ## ##       ##     ##  ##   ##  ##       ##
     ######    ##  ########  ######   ########  #########  ######  ######
     ##        ##  ##    ##  ##       ##     ## ##     ##       ## ##
     ##       #### ##     ## ######## ########  ##     ##  ######  ########

You're about to initialize a Firebase project in this directory:

  C:\Users\listodo\Documents\vuejsproject\node-project

[info] 
=== Project Setup
[info] 
[info] First, let's associate this project directory with a Firebase project.
[info] You can create multiple project aliases by running firebase use --add, 
[info] but for now we'll just set up a default project.
[info] 
[debug] [2023-03-08T04:04:44.088Z] > refreshing access token with scopes: []
[debug] [2023-03-08T04:04:44.091Z] >>> [apiv2][query] POST https://www.googleapis.com/oauth2/v3/token [none]
[debug] [2023-03-08T04:04:44.091Z] >>> [apiv2][body] POST https://www.googleapis.com/oauth2/v3/token [omitted]
[debug] [2023-03-08T04:04:44.211Z] <<< [apiv2][status] POST https://www.googleapis.com/oauth2/v3/token 200
[debug] [2023-03-08T04:04:44.211Z] <<< [apiv2][body] POST https://www.googleapis.com/oauth2/v3/token [omitted]
[debug] [2023-03-08T04:04:44.221Z] >>> [apiv2][query] GET https://firebase.googleapis.com/v1beta1/projects pageSize=100
[debug] [2023-03-08T04:04:44.895Z] <<< [apiv2][status] GET https://firebase.googleapis.com/v1beta1/projects 200
[debug] [2023-03-08T04:04:44.895Z] <<< [apiv2][body] GET https://firebase.googleapis.com/v1beta1/projects [omitted]
[info] i  Using project mascotasback (mascotasback) 
[info] 
=== Hosting Setup
[debug] [2023-03-08T04:06:08.211Z] ----------------------------------------------------------------------
[debug] [2023-03-08T04:06:08.213Z] Command:       C:\Program Files\nodejs\node.exe C:\Users\listodo\AppData\Roaming\npm\node_modules\firebase-tools\lib\bin\firebase.js init hosting
[debug] [2023-03-08T04:06:08.213Z] CLI Version:   11.24.1
[debug] [2023-03-08T04:06:08.213Z] Platform:      win32
[debug] [2023-03-08T04:06:08.213Z] Node Version:  v16.13.1
[debug] [2023-03-08T04:06:08.214Z] Time:          Wed Mar 08 2023 00:06:08 GMT-0400 (GMT-04:00)
[debug] [2023-03-08T04:06:08.214Z] ----------------------------------------------------------------------
[debug] 
[debug] [2023-03-08T04:06:08.221Z] > command requires scopes: ["email","openid","https://www.googleapis.com/auth/cloudplatformprojects.readonly","https://www.googleapis.com/auth/firebase","https://www.googleapis.com/auth/cloud-platform"]
[debug] [2023-03-08T04:06:08.221Z] > authorizing via signed-in user (ivan.godoy.g@gmail.com)
[info] 
     ######## #### ########  ######## ########     ###     ######  ########
     ##        ##  ##     ## ##       ##     ##  ##   ##  ##       ##
     ######    ##  ########  ######   ########  #########  ######  ######
     ##        ##  ##    ##  ##       ##     ## ##     ##       ## ##
     ##       #### ##     ## ######## ########  ##     ##  ######  ########

You're about to initialize a Firebase project in this directory:

  C:\Users\listodo\Documents\vuejsproject\node-project

[info] 
=== Project Setup
[info] 
[info] First, let's associate this project directory with a Firebase project.
[info] You can create multiple project aliases by running firebase use --add, 
[info] but for now we'll just set up a default project.
[info] 
[info] i  If you want to create a project in a Google Cloud organization or folder, please use "firebase projects:create" instead, and return to this command when you've created the project. 
[debug] [2023-03-08T04:06:20.076Z] >>> [apiv2][query] POST https://cloudresourcemanager.googleapis.com/v1/projects [none]
[debug] [2023-03-08T04:06:20.076Z] >>> [apiv2][body] POST https://cloudresourcemanager.googleapis.com/v1/projects {"projectId":"mascotasbackk","name":"mascotasbackk"}
[debug] [2023-03-08T04:06:21.259Z] <<< [apiv2][status] POST https://cloudresourcemanager.googleapis.com/v1/projects 200
[debug] [2023-03-08T04:06:21.259Z] <<< [apiv2][body] POST https://cloudresourcemanager.googleapis.com/v1/projects {"name":"operations/cp.5410584853546969961"}
[debug] [2023-03-08T04:06:21.260Z] >>> [apiv2][query] GET https://cloudresourcemanager.googleapis.com/v1/operations/cp.5410584853546969961 [none]
[debug] [2023-03-08T04:06:22.286Z] <<< [apiv2][status] GET https://cloudresourcemanager.googleapis.com/v1/operations/cp.5410584853546969961 200
[debug] [2023-03-08T04:06:22.287Z] <<< [apiv2][body] GET https://cloudresourcemanager.googleapis.com/v1/operations/cp.5410584853546969961 {"name":"operations/cp.5410584853546969961"}
[debug] [2023-03-08T04:06:22.788Z] [Project Creation Poller] Retrying task index 0
[debug] [2023-03-08T04:06:22.788Z] >>> [apiv2][query] GET https://cloudresourcemanager.googleapis.com/v1/operations/cp.5410584853546969961 [none]
[debug] [2023-03-08T04:06:24.146Z] <<< [apiv2][status] GET https://cloudresourcemanager.googleapis.com/v1/operations/cp.5410584853546969961 200
[debug] [2023-03-08T04:06:24.146Z] <<< [apiv2][body] GET https://cloudresourcemanager.googleapis.com/v1/operations/cp.5410584853546969961 {"name":"operations/cp.5410584853546969961","metadata":{"@type":"type.googleapis.com/google.cloudresourcemanager.v1.ProjectCreationStatus","gettable":true}}
[debug] [2023-03-08T04:06:25.149Z] [Project Creation Poller] Retrying task index 0
[debug] [2023-03-08T04:06:25.149Z] >>> [apiv2][query] GET https://cloudresourcemanager.googleapis.com/v1/operations/cp.5410584853546969961 [none]
[debug] [2023-03-08T04:06:26.267Z] <<< [apiv2][status] GET https://cloudresourcemanager.googleapis.com/v1/operations/cp.5410584853546969961 200
[debug] [2023-03-08T04:06:26.268Z] <<< [apiv2][body] GET https://cloudresourcemanager.googleapis.com/v1/operations/cp.5410584853546969961 {"name":"operations/cp.5410584853546969961","metadata":{"@type":"type.googleapis.com/google.cloudresourcemanager.v1.ProjectCreationStatus","gettable":true,"ready":true},"done":true,"response":{"@type":"type.googleapis.com/google.cloudresourcemanager.v1.Project","projectNumber":"587909615270","projectId":"mascotasbackk","lifecycleState":"ACTIVE","name":"mascotasbackk","createTime":"2023-03-08T03:07:48.055Z"}}
[debug] [2023-03-08T04:06:26.270Z] >>> [apiv2][query] POST https://firebase.googleapis.com/v1beta1/projects/mascotasbackk:addFirebase [none]
[debug] [2023-03-08T04:06:29.486Z] <<< [apiv2][status] POST https://firebase.googleapis.com/v1beta1/projects/mascotasbackk:addFirebase 200
[debug] [2023-03-08T04:06:29.487Z] <<< [apiv2][body] POST https://firebase.googleapis.com/v1beta1/projects/mascotasbackk:addFirebase {"name":"operations/workflows/YWM0NWJhMDItOTFmNS00NDE3LWE2MjktZGQ4MzdiOTFmMjlj"}
[debug] [2023-03-08T04:06:29.487Z] >>> [apiv2][query] GET https://firebase.googleapis.com/v1beta1/operations/workflows/YWM0NWJhMDItOTFmNS00NDE3LWE2MjktZGQ4MzdiOTFmMjlj [none]
[debug] [2023-03-08T04:06:30.453Z] <<< [apiv2][status] GET https://firebase.googleapis.com/v1beta1/operations/workflows/YWM0NWJhMDItOTFmNS00NDE3LWE2MjktZGQ4MzdiOTFmMjlj 200
[debug] [2023-03-08T04:06:30.453Z] <<< [apiv2][body] GET https://firebase.googleapis.com/v1beta1/operations/workflows/YWM0NWJhMDItOTFmNS00NDE3LWE2MjktZGQ4MzdiOTFmMjlj {"name":"operations/workflows/YWM0NWJhMDItOTFmNS00NDE3LWE2MjktZGQ4MzdiOTFmMjlj"}
[debug] [2023-03-08T04:06:30.957Z] [Add Firebase Poller] Retrying task index 0
[debug] [2023-03-08T04:06:30.957Z] >>> [apiv2][query] GET https://firebase.googleapis.com/v1beta1/operations/workflows/YWM0NWJhMDItOTFmNS00NDE3LWE2MjktZGQ4MzdiOTFmMjlj [none]
[debug] [2023-03-08T04:06:31.740Z] <<< [apiv2][status] GET https://firebase.googleapis.com/v1beta1/operations/workflows/YWM0NWJhMDItOTFmNS00NDE3LWE2MjktZGQ4MzdiOTFmMjlj 200
[debug] [2023-03-08T04:06:31.740Z] <<< [apiv2][body] GET https://firebase.googleapis.com/v1beta1/operations/workflows/YWM0NWJhMDItOTFmNS00NDE3LWE2MjktZGQ4MzdiOTFmMjlj {"name":"operations/workflows/YWM0NWJhMDItOTFmNS00NDE3LWE2MjktZGQ4MzdiOTFmMjlj"}
[debug] [2023-03-08T04:06:32.751Z] [Add Firebase Poller] Retrying task index 0
[debug] [2023-03-08T04:06:32.755Z] >>> [apiv2][query] GET https://firebase.googleapis.com/v1beta1/operations/workflows/YWM0NWJhMDItOTFmNS00NDE3LWE2MjktZGQ4MzdiOTFmMjlj [none]
[debug] [2023-03-08T04:06:33.270Z] <<< [apiv2][status] GET https://firebase.googleapis.com/v1beta1/operations/workflows/YWM0NWJhMDItOTFmNS00NDE3LWE2MjktZGQ4MzdiOTFmMjlj 200
[debug] [2023-03-08T04:06:33.270Z] <<< [apiv2][body] GET https://firebase.googleapis.com/v1beta1/operations/workflows/YWM0NWJhMDItOTFmNS00NDE3LWE2MjktZGQ4MzdiOTFmMjlj {"name":"operations/workflows/YWM0NWJhMDItOTFmNS00NDE3LWE2MjktZGQ4MzdiOTFmMjlj"}
[debug] [2023-03-08T04:06:35.285Z] [Add Firebase Poller] Retrying task index 0
[debug] [2023-03-08T04:06:35.286Z] >>> [apiv2][query] GET https://firebase.googleapis.com/v1beta1/operations/workflows/YWM0NWJhMDItOTFmNS00NDE3LWE2MjktZGQ4MzdiOTFmMjlj [none]
[debug] [2023-03-08T04:06:36.022Z] <<< [apiv2][status] GET https://firebase.googleapis.com/v1beta1/operations/workflows/YWM0NWJhMDItOTFmNS00NDE3LWE2MjktZGQ4MzdiOTFmMjlj 200
[debug] [2023-03-08T04:06:36.022Z] <<< [apiv2][body] GET https://firebase.googleapis.com/v1beta1/operations/workflows/YWM0NWJhMDItOTFmNS00NDE3LWE2MjktZGQ4MzdiOTFmMjlj {"name":"operations/workflows/YWM0NWJhMDItOTFmNS00NDE3LWE2MjktZGQ4MzdiOTFmMjlj"}
[debug] [2023-03-08T04:06:40.037Z] [Add Firebase Poller] Retrying task index 0
[debug] [2023-03-08T04:06:40.037Z] >>> [apiv2][query] GET https://firebase.googleapis.com/v1beta1/operations/workflows/YWM0NWJhMDItOTFmNS00NDE3LWE2MjktZGQ4MzdiOTFmMjlj [none]
[debug] [2023-03-08T04:06:40.868Z] <<< [apiv2][status] GET https://firebase.googleapis.com/v1beta1/operations/workflows/YWM0NWJhMDItOTFmNS00NDE3LWE2MjktZGQ4MzdiOTFmMjlj 200
[debug] [2023-03-08T04:06:40.868Z] <<< [apiv2][body] GET https://firebase.googleapis.com/v1beta1/operations/workflows/YWM0NWJhMDItOTFmNS00NDE3LWE2MjktZGQ4MzdiOTFmMjlj {"name":"operations/workflows/YWM0NWJhMDItOTFmNS00NDE3LWE2MjktZGQ4MzdiOTFmMjlj","done":true,"response":{"@type":"type.googleapis.com/google.firebase.service.v1beta1.FirebaseProject","projectId":"mascotasbackk","projectNumber":"587909615270","displayName":"mascotasbackk","name":"projects/mascotasbackk","resources":{"hostingSite":"mascotasbackk"}}}
[info] 
[info] === Your Firebase project is ready! ===
[info] 
[info] Project information:
[info]    - Project ID: mascotasbackk
[info]    - Project Name: mascotasbackk
[info] 
[info] Firebase console is available at
[info] https://console.firebase.google.com/project/mascotasbackk/overview
[info] i  Using project mascotasbackk (mascotasbackk) 
[info] 
=== Hosting Setup
